Arguments: 
  C:\Program Files\nodejs\node.exe C:\Program Files (x86)\Yarn\bin\yarn.js install

PATH: 
  C:\Program Files (x86)\Common Files\Oracle\Java\javapath;C:\Program Files (x86)\Common Files\Intel\Shared Files\cpp\bin\Intel64;C:\Windows\system32;C:\Windows;C:\Windows\System32\Wbem;C:\Windows\System32\WindowsPowerShell\v1.0\;C:\Program Files\WIDCOMM\Bluetooth Software\;C:\Program Files\WIDCOMM\Bluetooth Software\syswow64;C:\Program Files (x86)\Yarn\bin\;C:\Program Files\Git\cmd;C:\Program Files\nodejs\;C:\Program Files\Amazon\AWSCLIV2\;C:\wamp64\bin\postgresql\postgresql12.2.4\bin\;C:\wamp64\bin\postgresql\postgresql12.2.4\lib\;C:\Program Files (x86)\OpenSSH\bin;C:\curl-7.70.0-win64-mingw\bin;C:\Ruby27-x64\bin;C:\Program Files\Microsoft VS Code\bin;C:\Users\NNA-PC\AppData\Local\Android\Sdk\platform-tools;C:\Users\NNA-PC\AppData\Roaming\npm;C:\Users\NNA-PC\AppData\Local\Programs\Microsoft VS Code\bin;C:\Users\NNA-PC\AppData\Local\Yarn\bin;C:\wamp64\bin\php\php7.3.1

Yarn version: 
  1.22.1

Node version: 
  12.13.0

Platform: 
  win32 x64

Trace: 
  Error: https://registry.yarnpkg.com/@fortawesome/free-solid-svg-icons/-/free-solid-svg-icons-5.13.1.tgz: ESOCKETTIMEDOUT
      at ClientRequest.<anonymous> (C:\Program Files (x86)\Yarn\lib\cli.js:141370:19)
      at Object.onceWrapper (events.js:299:28)
      at ClientRequest.emit (events.js:210:5)
      at TLSSocket.emitRequestTimeout (_http_client.js:690:9)
      at Object.onceWrapper (events.js:299:28)
      at TLSSocket.emit (events.js:210:5)
      at TLSSocket.Socket._onTimeout (net.js:468:8)
      at listOnTimeout (internal/timers.js:531:17)
      at processTimers (internal/timers.js:475:7)

npm manifest: 
  {
    "name": "recallo",
    "version": "0.1.0",
    "private": true,
    "dependencies": {
      "@fortawesome/fontawesome-svg-core": "^1.2.27",
      "@fortawesome/free-solid-svg-icons": "^5.12.1",
      "@fortawesome/react-fontawesome": "^0.1.9",
      "@material-ui/core": "^4.9.14",
      "@material-ui/icons": "^4.9.1",
      "@testing-library/jest-dom": "^4.2.4",
      "@testing-library/react": "^9.3.2",
      "@testing-library/user-event": "^7.1.2",
      "axios": "^0.19.2",
      "classnames": "^2.2.6",
      "history": "latest",
      "notistack": "^0.9.11",
      "prettier": "^2.0.5",
      "react": "^16.12.0",
      "react-dom": "^16.12.0",
      "react-redux": "^7.2.0",
      "react-router-dom": "^5.1.2",
      "react-scripts": "3.4.0",
      "redux": "^4.0.5",
      "redux-saga": "^1.1.3",
      "yarn": "^1.22.0",
      "react-paystack": "^2.0.2"
    },
    "devDependencies": {
      "typescript": "^3.9.2",
      "eslint-config-airbnb": "^18.1.0",
      "eslint-config-prettier": "^6.11.0",
      "eslint-plugin-jsx-a11y": "^6.2.3",
      "eslint-plugin-prettier": "^3.1.3"
    },
    "scripts": {
      "start": "react-scripts start",
      "build": "react-scripts build",
      "test": "react-scripts test && eslint . --dry-fix",
      "eject": "react-scripts eject",
      "lint": "eslint ."
    },
    "eslintConfig": {
      "extends": "react-app"
    },
    "browserslist": {
      "production": [
        ">0.2%",
        "not dead",
        "not op_mini all"
      ],
      "development": [
        "last 1 chrome version",
        "last 1 firefox version",
        "last 1 safari version"
      ]
    }
  }

yarn manifest: 
  No manifest

Lockfile: 
  No lockfile
